
> otak-proxy@2.0.0 pretest
> npm run compile && npm run lint


> otak-proxy@2.0.0 compile
> tsc -p ./ && node -e "require('fs').cpSync('src/i18n/locales', 'out/i18n/locales', {recursive: true})"

src/test/notification-integration.test.ts(731,1): error TS1128: Declaration or statement expected.
src/test/notification-integration.test.ts(731,2): error TS1128: Declaration or statement expected.
